<?xml version="1.0" encoding="UTF-8" ?>
<testsuite tests="81" failures="0" name="StepDefinition.RunTest" time="35.225" errors="2" skipped="0">
  <properties>
    <property name="java.runtime.name" value="Java(TM) SE Runtime Environment"/>
    <property name="sun.boot.library.path" value="C:\Program Files\Java\jdk1.8.0_202\jre\bin"/>
    <property name="java.vm.version" value="25.202-b08"/>
    <property name="java.vm.vendor" value="Oracle Corporation"/>
    <property name="maven.multiModuleProjectDirectory" value="D:\TEAM2-SegoroAPP"/>
    <property name="java.vendor.url" value="http://java.oracle.com/"/>
    <property name="path.separator" value=";"/>
    <property name="guice.disable.misplaced.annotation.check" value="true"/>
    <property name="java.vm.name" value="Java HotSpot(TM) 64-Bit Server VM"/>
    <property name="file.encoding.pkg" value="sun.io"/>
    <property name="user.script" value=""/>
    <property name="user.country" value="US"/>
    <property name="sun.java.launcher" value="SUN_STANDARD"/>
    <property name="sun.os.patch.level" value=""/>
    <property name="java.vm.specification.name" value="Java Virtual Machine Specification"/>
    <property name="user.dir" value="D:\TEAM2-SegoroAPP"/>
    <property name="java.runtime.version" value="1.8.0_202-b08"/>
    <property name="java.awt.graphicsenv" value="sun.awt.Win32GraphicsEnvironment"/>
    <property name="java.endorsed.dirs" value="C:\Program Files\Java\jdk1.8.0_202\jre\lib\endorsed"/>
    <property name="os.arch" value="amd64"/>
    <property name="java.io.tmpdir" value="C:\Users\Thinkpad\AppData\Local\Temp\"/>
    <property name="line.separator" value="
"/>
    <property name="java.vm.specification.vendor" value="Oracle Corporation"/>
    <property name="user.variant" value=""/>
    <property name="os.name" value="Windows 10"/>
    <property name="classworlds.conf" value="C:\apache-maven-3.8.6\bin\m2.conf"/>
    <property name="sun.jnu.encoding" value="Cp1252"/>
    <property name="java.library.path" value="C:\Program Files\Java\jdk1.8.0_202\bin;C:\WINDOWS\Sun\Java\bin;C:\WINDOWS\system32;C:\WINDOWS;C:\Program Files (x86)\Common Files\Intel\Shared Libraries\redist\intel64\compiler;C:\Program Files (x86)\Common Files\Oracle\Java\javapath;C:\WINDOWS\system32;C:\WINDOWS;C:\WINDOWS\System32\Wbem;C:\WINDOWS\System32\WindowsPowerShell\v1.0\;C:\WINDOWS\System32\OpenSSH\;C:\Program Files\nodejs\;C:\Program Files\Git\cmd;C:\Program Files\Java\jdk1.8.0_202\bin;C:\apache-maven-3.8.6\bin;C:\Users\Thinkpad\AppData\Local\Microsoft\WindowsApps;;C:\Program Files\JetBrains\IntelliJ IDEA Community Edition 2022.2.4\bin;;."/>
    <property name="maven.conf" value="C:\apache-maven-3.8.6/conf"/>
    <property name="java.specification.name" value="Java Platform API Specification"/>
    <property name="java.class.version" value="52.0"/>
    <property name="sun.management.compiler" value="HotSpot 64-Bit Tiered Compilers"/>
    <property name="os.version" value="10.0"/>
    <property name="library.jansi.path" value="C:\apache-maven-3.8.6\lib\jansi-native"/>
    <property name="user.home" value="C:\Users\Thinkpad"/>
    <property name="user.timezone" value="Asia/Bangkok"/>
    <property name="java.awt.printerjob" value="sun.awt.windows.WPrinterJob"/>
    <property name="java.specification.version" value="1.8"/>
    <property name="file.encoding" value="Cp1252"/>
    <property name="user.name" value="Thinkpad"/>
    <property name="java.class.path" value="C:\apache-maven-3.8.6\boot\plexus-classworlds-2.6.0.jar"/>
    <property name="java.vm.specification.version" value="1.8"/>
    <property name="sun.arch.data.model" value="64"/>
    <property name="java.home" value="C:\Program Files\Java\jdk1.8.0_202\jre"/>
    <property name="sun.java.command" value="org.codehaus.plexus.classworlds.launcher.Launcher clean verify"/>
    <property name="java.specification.vendor" value="Oracle Corporation"/>
    <property name="user.language" value="en"/>
    <property name="awt.toolkit" value="sun.awt.windows.WToolkit"/>
    <property name="java.vm.info" value="mixed mode"/>
    <property name="java.version" value="1.8.0_202"/>
    <property name="java.ext.dirs" value="C:\Program Files\Java\jdk1.8.0_202\jre\lib\ext;C:\WINDOWS\Sun\Java\lib\ext"/>
    <property name="sun.boot.class.path" value="C:\Program Files\Java\jdk1.8.0_202\jre\lib\resources.jar;C:\Program Files\Java\jdk1.8.0_202\jre\lib\rt.jar;C:\Program Files\Java\jdk1.8.0_202\jre\lib\sunrsasign.jar;C:\Program Files\Java\jdk1.8.0_202\jre\lib\jsse.jar;C:\Program Files\Java\jdk1.8.0_202\jre\lib\jce.jar;C:\Program Files\Java\jdk1.8.0_202\jre\lib\charsets.jar;C:\Program Files\Java\jdk1.8.0_202\jre\lib\jfr.jar;C:\Program Files\Java\jdk1.8.0_202\jre\classes"/>
    <property name="sun.stderr.encoding" value="cp437"/>
    <property name="java.vendor" value="Oracle Corporation"/>
    <property name="maven.home" value="C:\apache-maven-3.8.6"/>
    <property name="file.separator" value="\"/>
    <property name="java.vendor.url.bug" value="http://bugreport.sun.com/bugreport/"/>
    <property name="sun.cpu.endian" value="little"/>
    <property name="sun.io.unicode.encoding" value="UnicodeLittle"/>
    <property name="sun.stdout.encoding" value="cp437"/>
    <property name="sun.desktop" value="windows"/>
    <property name="sun.cpu.isalist" value="amd64"/>
  </properties>
  <testcase classname="Scenario: Admin go to home page" name="Given admin already on login page" time="0.003"/>
  <testcase classname="Scenario: Admin go to home page" name="When fill email address field with email &quot;admin2@mail.com&quot;" time="0"/>
  <testcase classname="Scenario: Admin go to home page" name="And fill password field with password &quot;qwerty&quot;" time="0"/>
  <testcase classname="Scenario: Admin go to home page" name="And click login button" time="0"/>
  <testcase classname="Scenario: Admin go to home page" name="Then see modal successfully login" time="0"/>
  <testcase classname="Scenario: Admin go to home page" name="But admin click OK button modal success login" time="0"/>
  <testcase classname="Scenario: Admin go to home page" name="Given admin already on main page" time="0.001"/>
  <testcase classname="Scenario: Admin go to home page" name="When click home button" time="0"/>
  <testcase classname="Scenario: Admin go to home page" name="Scenario: Admin go to home page" time="3.939"/>
  <testcase classname="Scenario: Admin go to venue page" name="Given admin already on login page" time="0"/>
  <testcase classname="Scenario: Admin go to venue page" name="When fill email address field with email &quot;admin2@mail.com&quot;" time="0.003"/>
  <testcase classname="Scenario: Admin go to venue page" name="And fill password field with password &quot;qwerty&quot;" time="0"/>
  <testcase classname="Scenario: Admin go to venue page" name="And click login button" time="0"/>
  <testcase classname="Scenario: Admin go to venue page" name="Then see modal successfully login" time="0"/>
  <testcase classname="Scenario: Admin go to venue page" name="But admin click OK button modal success login" time="0"/>
  <testcase classname="Scenario: Admin go to venue page" name="Given admin already on main page" time="0"/>
  <testcase classname="Scenario: Admin go to venue page" name="When click venue button" time="0"/>
  <testcase classname="Scenario: Admin go to venue page" name="Scenario: Admin go to venue page" time="4.311"/>
  <testcase classname="Scenario: Admin go to profile page" name="Given admin already on login page" time="0"/>
  <testcase classname="Scenario: Admin go to profile page" name="When fill email address field with email &quot;admin2@mail.com&quot;" time="0"/>
  <testcase classname="Scenario: Admin go to profile page" name="And fill password field with password &quot;qwerty&quot;" time="0"/>
  <testcase classname="Scenario: Admin go to profile page" name="And click login button" time="0"/>
  <testcase classname="Scenario: Admin go to profile page" name="Then see modal successfully login" time="0"/>
  <testcase classname="Scenario: Admin go to profile page" name="But admin click OK button modal success login" time="0"/>
  <testcase classname="Scenario: Admin go to profile page" name="Given admin already on main page" time="0"/>
  <testcase classname="Scenario: Admin go to profile page" name="When click admin button" time="0"/>
  <testcase classname="Scenario: Admin go to profile page" name="Scenario: Admin go to profile page" time="4.156"/>
  <testcase classname="Scenario: Admin logout of the home page" name="Given admin already on login page" time="0"/>
  <testcase classname="Scenario: Admin logout of the home page" name="When fill email address field with email &quot;admin2@mail.com&quot;" time="0"/>
  <testcase classname="Scenario: Admin logout of the home page" name="And fill password field with password &quot;qwerty&quot;" time="0"/>
  <testcase classname="Scenario: Admin logout of the home page" name="And click login button" time="0.002"/>
  <testcase classname="Scenario: Admin logout of the home page" name="Then see modal successfully login" time="0.002"/>
  <testcase classname="Scenario: Admin logout of the home page" name="But admin click OK button modal success login" time="0"/>
  <testcase classname="Scenario: Admin logout of the home page" name="Given admin already on main page" time="0"/>
  <testcase classname="Scenario: Admin logout of the home page" name="When click logout button" time="0"/>
  <testcase classname="Scenario: Admin logout of the home page" name="Then see modal logout" time="0"/>
  <testcase classname="Scenario: Admin logout of the home page" name="But click OK button modal logout" time="0"/>
  <testcase classname="Scenario: Admin logout of the home page" name="Scenario: Admin logout of the home page" time="5.673"/>
  <testcase classname="Scenario: Admin go to booking history page" name="Given admin already on login page" time="0"/>
  <testcase classname="Scenario: Admin go to booking history page" name="When fill email address field with email &quot;admin2@mail.com&quot;" time="0"/>
  <testcase classname="Scenario: Admin go to booking history page" name="And fill password field with password &quot;qwerty&quot;" time="0"/>
  <testcase classname="Scenario: Admin go to booking history page" name="And click login button" time="0"/>
  <testcase classname="Scenario: Admin go to booking history page" name="Then see modal successfully login" time="0"/>
  <testcase classname="Scenario: Admin go to booking history page" name="But admin click OK button modal success login" time="0"/>
  <testcase classname="Scenario: Admin go to booking history page" name="Given admin already on main page" time="0"/>
  <testcase classname="Scenario: Admin go to booking history page" name="When click booking history button" time="0"/>
  <testcase classname="Scenario: Admin go to booking history page" name="Scenario: Admin go to booking history page" time="4.515"/>
  <testcase classname="Scenario: Admin go to pay venue page" name="Given admin already on login page" time="0"/>
  <testcase classname="Scenario: Admin go to pay venue page" name="When fill email address field with email &quot;admin2@mail.com&quot;" time="0"/>
  <testcase classname="Scenario: Admin go to pay venue page" name="And fill password field with password &quot;qwerty&quot;" time="0"/>
  <testcase classname="Scenario: Admin go to pay venue page" name="And click login button" time="0"/>
  <testcase classname="Scenario: Admin go to pay venue page" name="Then see modal successfully login" time="0"/>
  <testcase classname="Scenario: Admin go to pay venue page" name="But admin click OK button modal success login" time="0"/>
  <testcase classname="Scenario: Admin go to pay venue page" name="Given admin already on main page" time="0"/>
  <testcase classname="Scenario: Admin go to pay venue page" name="When click pay venue button" time="0"/>
  <testcase classname="Scenario: Admin go to pay venue page" name="Scenario: Admin go to pay venue page" time="3.983"/>
  <testcase classname="Scenario: Admin go to schedule page" name="Given admin already on login page" time="0"/>
  <testcase classname="Scenario: Admin go to schedule page" name="When fill email address field with email &quot;admin2@mail.com&quot;" time="0"/>
  <testcase classname="Scenario: Admin go to schedule page" name="And fill password field with password &quot;qwerty&quot;" time="0"/>
  <testcase classname="Scenario: Admin go to schedule page" name="And click login button" time="0.002"/>
  <testcase classname="Scenario: Admin go to schedule page" name="Then see modal successfully login" time="0"/>
  <testcase classname="Scenario: Admin go to schedule page" name="But admin click OK button modal success login" time="0"/>
  <testcase classname="Scenario: Admin go to schedule page" name="Given admin already on main page" time="0"/>
  <testcase classname="Scenario: Admin go to schedule page" name="When click schedule button" time="0.001"/>
  <testcase classname="Scenario: Admin go to schedule page" name="Scenario: Admin go to schedule page" time="4.354"/>
  <testcase classname="Scenario: Admin successfully login" name="Given admin already on login page" time="0"/>
  <testcase classname="Scenario: Admin successfully login" name="When fill email address field with email &quot;admin2@mail.com&quot;" time="0"/>
  <testcase classname="Scenario: Admin successfully login" name="And fill password field with password &quot;qwerty&quot;" time="0"/>
  <testcase classname="Scenario: Admin successfully login" name="And click login button" time="0.001"/>
  <testcase classname="Scenario: Admin successfully login" name="Then see modal successfully login" time="0"/>
  <testcase classname="Scenario: Admin successfully login" name="But admin click OK button modal success login" time="0"/>
  <testcase classname="Scenario: Admin successfully login" name="Scenario: Admin successfully login" time="4.253"/>
  <testcase classname="Scenario: Admin go to home page" name="Given admin already on login page" time="0"/>
  <testcase classname="Scenario: Admin go to home page" name="When fill email address field with email &quot;admin2@mail.com&quot;" time="0"/>
  <testcase classname="Scenario: Admin go to home page" name="And fill password field with password &quot;qwerty&quot;" time="0"/>
  <testcase classname="Scenario: Admin go to home page" name="And click login button" time="0.001"/>
  <testcase classname="Scenario: Admin go to home page" name="Then see modal successfully login" time="0"/>
  <testcase classname="Scenario: Admin go to home page" name="But admin click OK button modal success login" time="0"/>
  <testcase classname="Scenario: Admin go to home page" name="Given admin already on profile page" time="0"/>
  <testcase classname="Scenario: Admin go to home page" name="When click home button from profile page" time="0.012">
    <error message="✽.When click home button from profile page(features/Profile.feature:16) matches more than one step definition:
  click home button in HomeStepDef.clickHomeButton()
  click home button from profile page in ProfileStepDef.clickHomeButtonFromProfilePage()
" type="cucumber.runtime.AmbiguousStepDefinitionsException">cucumber.runtime.AmbiguousStepDefinitionsException: ✽.When click home button from profile page(features/Profile.feature:16) matches more than one step definition:
  click home button in HomeStepDef.clickHomeButton()
  click home button from profile page in ProfileStepDef.clickHomeButtonFromProfilePage()

	at cucumber.runtime.RuntimeGlue.stepDefinitionMatch(RuntimeGlue.java:71)
	at cucumber.runtime.Runtime.runStep(Runtime.java:267)
	at cucumber.runtime.model.StepContainer.runStep(StepContainer.java:44)
	at cucumber.runtime.model.StepContainer.runSteps(StepContainer.java:39)
	at cucumber.runtime.model.CucumberScenario.run(CucumberScenario.java:44)
	at cucumber.runtime.junit.ExecutionUnitRunner.run(ExecutionUnitRunner.java:102)
	at cucumber.runtime.junit.FeatureRunner.runChild(FeatureRunner.java:63)
	at cucumber.runtime.junit.FeatureRunner.runChild(FeatureRunner.java:18)
	at org.junit.runners.ParentRunner$3.run(ParentRunner.java:238)
	at org.junit.runners.ParentRunner$1.schedule(ParentRunner.java:63)
	at org.junit.runners.ParentRunner.runChildren(ParentRunner.java:236)
	at org.junit.runners.ParentRunner.access$000(ParentRunner.java:53)
	at org.junit.runners.ParentRunner$2.evaluate(ParentRunner.java:229)
	at org.junit.runners.ParentRunner.run(ParentRunner.java:309)
	at cucumber.runtime.junit.FeatureRunner.run(FeatureRunner.java:70)
	at cucumber.api.junit.Cucumber.runChild(Cucumber.java:95)
	at cucumber.api.junit.Cucumber.runChild(Cucumber.java:38)
	at org.junit.runners.ParentRunner$3.run(ParentRunner.java:238)
	at org.junit.runners.ParentRunner$1.schedule(ParentRunner.java:63)
	at org.junit.runners.ParentRunner.runChildren(ParentRunner.java:236)
	at org.junit.runners.ParentRunner.access$000(ParentRunner.java:53)
	at org.junit.runners.ParentRunner$2.evaluate(ParentRunner.java:229)
	at org.junit.runners.ParentRunner.run(ParentRunner.java:309)
	at cucumber.api.junit.Cucumber.run(Cucumber.java:100)
	at org.apache.maven.surefire.junit4.JUnit4Provider.execute(JUnit4Provider.java:252)
	at org.apache.maven.surefire.junit4.JUnit4Provider.executeTestSet(JUnit4Provider.java:141)
	at org.apache.maven.surefire.junit4.JUnit4Provider.invoke(JUnit4Provider.java:112)
	at sun.reflect.NativeMethodAccessorImpl.invoke0(Native Method)
	at sun.reflect.NativeMethodAccessorImpl.invoke(NativeMethodAccessorImpl.java:62)
	at sun.reflect.DelegatingMethodAccessorImpl.invoke(DelegatingMethodAccessorImpl.java:43)
	at java.lang.reflect.Method.invoke(Method.java:498)
	at org.apache.maven.surefire.util.ReflectionUtils.invokeMethodWithArray(ReflectionUtils.java:189)
	at org.apache.maven.surefire.booter.ProviderFactory$ProviderProxy.invoke(ProviderFactory.java:165)
	at org.apache.maven.surefire.booter.ProviderFactory.invokeProvider(ProviderFactory.java:85)
	at org.apache.maven.surefire.booter.ForkedBooter.runSuitesInProcess(ForkedBooter.java:115)
	at org.apache.maven.surefire.booter.ForkedBooter.main(ForkedBooter.java:75)
</error>
  </testcase>
  <testcase classname="Scenario: Admin go to home page" name="Scenario: Admin go to home page" time="0.013">
    <error message="✽.When click home button from profile page(features/Profile.feature:16) matches more than one step definition:
  click home button in HomeStepDef.clickHomeButton()
  click home button from profile page in ProfileStepDef.clickHomeButtonFromProfilePage()
" type="cucumber.runtime.AmbiguousStepDefinitionsException">cucumber.runtime.AmbiguousStepDefinitionsException: ✽.When click home button from profile page(features/Profile.feature:16) matches more than one step definition:
  click home button in HomeStepDef.clickHomeButton()
  click home button from profile page in ProfileStepDef.clickHomeButtonFromProfilePage()

	at cucumber.runtime.RuntimeGlue.stepDefinitionMatch(RuntimeGlue.java:71)
	at cucumber.runtime.Runtime.runStep(Runtime.java:267)
	at cucumber.runtime.model.StepContainer.runStep(StepContainer.java:44)
	at cucumber.runtime.model.StepContainer.runSteps(StepContainer.java:39)
	at cucumber.runtime.model.CucumberScenario.run(CucumberScenario.java:44)
	at cucumber.runtime.junit.ExecutionUnitRunner.run(ExecutionUnitRunner.java:102)
	at cucumber.runtime.junit.FeatureRunner.runChild(FeatureRunner.java:63)
	at cucumber.runtime.junit.FeatureRunner.runChild(FeatureRunner.java:18)
	at org.junit.runners.ParentRunner$3.run(ParentRunner.java:238)
	at org.junit.runners.ParentRunner$1.schedule(ParentRunner.java:63)
	at org.junit.runners.ParentRunner.runChildren(ParentRunner.java:236)
	at org.junit.runners.ParentRunner.access$000(ParentRunner.java:53)
	at org.junit.runners.ParentRunner$2.evaluate(ParentRunner.java:229)
	at org.junit.runners.ParentRunner.run(ParentRunner.java:309)
	at cucumber.runtime.junit.FeatureRunner.run(FeatureRunner.java:70)
	at cucumber.api.junit.Cucumber.runChild(Cucumber.java:95)
	at cucumber.api.junit.Cucumber.runChild(Cucumber.java:38)
	at org.junit.runners.ParentRunner$3.run(ParentRunner.java:238)
	at org.junit.runners.ParentRunner$1.schedule(ParentRunner.java:63)
	at org.junit.runners.ParentRunner.runChildren(ParentRunner.java:236)
	at org.junit.runners.ParentRunner.access$000(ParentRunner.java:53)
	at org.junit.runners.ParentRunner$2.evaluate(ParentRunner.java:229)
	at org.junit.runners.ParentRunner.run(ParentRunner.java:309)
	at cucumber.api.junit.Cucumber.run(Cucumber.java:100)
	at org.apache.maven.surefire.junit4.JUnit4Provider.execute(JUnit4Provider.java:252)
	at org.apache.maven.surefire.junit4.JUnit4Provider.executeTestSet(JUnit4Provider.java:141)
	at org.apache.maven.surefire.junit4.JUnit4Provider.invoke(JUnit4Provider.java:112)
	at sun.reflect.NativeMethodAccessorImpl.invoke0(Native Method)
	at sun.reflect.NativeMethodAccessorImpl.invoke(NativeMethodAccessorImpl.java:62)
	at sun.reflect.DelegatingMethodAccessorImpl.invoke(DelegatingMethodAccessorImpl.java:43)
	at java.lang.reflect.Method.invoke(Method.java:498)
	at org.apache.maven.surefire.util.ReflectionUtils.invokeMethodWithArray(ReflectionUtils.java:189)
	at org.apache.maven.surefire.booter.ProviderFactory$ProviderProxy.invoke(ProviderFactory.java:165)
	at org.apache.maven.surefire.booter.ProviderFactory.invokeProvider(ProviderFactory.java:85)
	at org.apache.maven.surefire.booter.ForkedBooter.runSuitesInProcess(ForkedBooter.java:115)
	at org.apache.maven.surefire.booter.ForkedBooter.main(ForkedBooter.java:75)
</error>
  </testcase>
</testsuite>