<?xml version="1.0" encoding="UTF-8" ?>
<testsuite tests="81" failures="0" name="StepDefinition.RunTest" time="35.225" errors="2" skipped="0">
  <properties>
[...]
</properties>
  <testcase classname="Scenario: Admin go to home page" name="Given admin already on login page" time="0.003"/>
  <testcase classname="Scenario: Admin go to home page" name="When fill email address field with email &quot;admin2@mail.com&quot;" time="0"/>
  <testcase classname="Scenario: Admin go to home page" name="And fill password field with password &quot;qwerty&quot;" time="0"/>
  <testcase classname="Scenario: Admin go to home page" name="And click login button" time="0"/>
  <testcase classname="Scenario: Admin go to home page" name="Then see modal successfully login" time="0"/>
  <testcase classname="Scenario: Admin go to home page" name="But admin click OK button modal success login" time="0"/>
  <testcase classname="Scenario: Admin go to home page" name="Given admin already on main page" time="0.001"/>
  <testcase classname="Scenario: Admin go to home page" name="When click home button" time="0"/>
  <testcase classname="Scenario: Admin go to home page" name="Scenario: Admin go to home page" time="3.939"/>
  <testcase classname="Scenario: Admin go to venue page" name="Given admin already on login page" time="0"/>
  <testcase classname="Scenario: Admin go to venue page" name="When fill email address field with email &quot;admin2@mail.com&quot;" time="0.003"/>
  <testcase classname="Scenario: Admin go to venue page" name="And fill password field with password &quot;qwerty&quot;" time="0"/>
  <testcase classname="Scenario: Admin go to venue page" name="And click login button" time="0"/>
  <testcase classname="Scenario: Admin go to venue page" name="Then see modal successfully login" time="0"/>
  <testcase classname="Scenario: Admin go to venue page" name="But admin click OK button modal success login" time="0"/>
  <testcase classname="Scenario: Admin go to venue page" name="Given admin already on main page" time="0"/>
  <testcase classname="Scenario: Admin go to venue page" name="When click venue button" time="0"/>
  <testcase classname="Scenario: Admin go to venue page" name="Scenario: Admin go to venue page" time="4.311"/>
  <testcase classname="Scenario: Admin go to profile page" name="Given admin already on login page" time="0"/>
  <testcase classname="Scenario: Admin go to profile page" name="When fill email address field with email &quot;admin2@mail.com&quot;" time="0"/>
  <testcase classname="Scenario: Admin go to profile page" name="And fill password field with password &quot;qwerty&quot;" time="0"/>
  <testcase classname="Scenario: Admin go to profile page" name="And click login button" time="0"/>
  <testcase classname="Scenario: Admin go to profile page" name="Then see modal successfully login" time="0"/>
  <testcase classname="Scenario: Admin go to profile page" name="But admin click OK button modal success login" time="0"/>
  <testcase classname="Scenario: Admin go to profile page" name="Given admin already on main page" time="0"/>
  <testcase classname="Scenario: Admin go to profile page" name="When click admin button" time="0"/>
  <testcase classname="Scenario: Admin go to profile page" name="Scenario: Admin go to profile page" time="4.156"/>
  <testcase classname="Scenario: Admin logout of the home page" name="Given admin already on login page" time="0"/>
  <testcase classname="Scenario: Admin logout of the home page" name="When fill email address field with email &quot;admin2@mail.com&quot;" time="0"/>
  <testcase classname="Scenario: Admin logout of the home page" name="And fill password field with password &quot;qwerty&quot;" time="0"/>
  <testcase classname="Scenario: Admin logout of the home page" name="And click login button" time="0.002"/>
  <testcase classname="Scenario: Admin logout of the home page" name="Then see modal successfully login" time="0.002"/>
  <testcase classname="Scenario: Admin logout of the home page" name="But admin click OK button modal success login" time="0"/>
  <testcase classname="Scenario: Admin logout of the home page" name="Given admin already on main page" time="0"/>
  <testcase classname="Scenario: Admin logout of the home page" name="When click logout button" time="0"/>
  <testcase classname="Scenario: Admin logout of the home page" name="Then see modal logout" time="0"/>
  <testcase classname="Scenario: Admin logout of the home page" name="But click OK button modal logout" time="0"/>
  <testcase classname="Scenario: Admin logout of the home page" name="Scenario: Admin logout of the home page" time="5.673"/>
  <testcase classname="Scenario: Admin go to booking history page" name="Given admin already on login page" time="0"/>
  <testcase classname="Scenario: Admin go to booking history page" name="When fill email address field with email &quot;admin2@mail.com&quot;" time="0"/>
  <testcase classname="Scenario: Admin go to booking history page" name="And fill password field with password &quot;qwerty&quot;" time="0"/>
  <testcase classname="Scenario: Admin go to booking history page" name="And click login button" time="0"/>
  <testcase classname="Scenario: Admin go to booking history page" name="Then see modal successfully login" time="0"/>
  <testcase classname="Scenario: Admin go to booking history page" name="But admin click OK button modal success login" time="0"/>
  <testcase classname="Scenario: Admin go to booking history page" name="Given admin already on main page" time="0"/>
  <testcase classname="Scenario: Admin go to booking history page" name="When click booking history button" time="0"/>
  <testcase classname="Scenario: Admin go to booking history page" name="Scenario: Admin go to booking history page" time="4.515"/>
  <testcase classname="Scenario: Admin go to pay venue page" name="Given admin already on login page" time="0"/>
  <testcase classname="Scenario: Admin go to pay venue page" name="When fill email address field with email &quot;admin2@mail.com&quot;" time="0"/>
  <testcase classname="Scenario: Admin go to pay venue page" name="And fill password field with password &quot;qwerty&quot;" time="0"/>
  <testcase classname="Scenario: Admin go to pay venue page" name="And click login button" time="0"/>
  <testcase classname="Scenario: Admin go to pay venue page" name="Then see modal successfully login" time="0"/>
  <testcase classname="Scenario: Admin go to pay venue page" name="But admin click OK button modal success login" time="0"/>
  <testcase classname="Scenario: Admin go to pay venue page" name="Given admin already on main page" time="0"/>
  <testcase classname="Scenario: Admin go to pay venue page" name="When click pay venue button" time="0"/>
  <testcase classname="Scenario: Admin go to pay venue page" name="Scenario: Admin go to pay venue page" time="3.983"/>
  <testcase classname="Scenario: Admin go to schedule page" name="Given admin already on login page" time="0"/>
  <testcase classname="Scenario: Admin go to schedule page" name="When fill email address field with email &quot;admin2@mail.com&quot;" time="0"/>
  <testcase classname="Scenario: Admin go to schedule page" name="And fill password field with password &quot;qwerty&quot;" time="0"/>
  <testcase classname="Scenario: Admin go to schedule page" name="And click login button" time="0.002"/>
  <testcase classname="Scenario: Admin go to schedule page" name="Then see modal successfully login" time="0"/>
  <testcase classname="Scenario: Admin go to schedule page" name="But admin click OK button modal success login" time="0"/>
  <testcase classname="Scenario: Admin go to schedule page" name="Given admin already on main page" time="0"/>
  <testcase classname="Scenario: Admin go to schedule page" name="When click schedule button" time="0.001"/>
  <testcase classname="Scenario: Admin go to schedule page" name="Scenario: Admin go to schedule page" time="4.354"/>
  <testcase classname="Scenario: Admin successfully login" name="Given admin already on login page" time="0"/>
  <testcase classname="Scenario: Admin successfully login" name="When fill email address field with email &quot;admin2@mail.com&quot;" time="0"/>
  <testcase classname="Scenario: Admin successfully login" name="And fill password field with password &quot;qwerty&quot;" time="0"/>
  <testcase classname="Scenario: Admin successfully login" name="And click login button" time="0.001"/>
  <testcase classname="Scenario: Admin successfully login" name="Then see modal successfully login" time="0"/>
  <testcase classname="Scenario: Admin successfully login" name="But admin click OK button modal success login" time="0"/>
  <testcase classname="Scenario: Admin successfully login" name="Scenario: Admin successfully login" time="4.253"/>
  <testcase classname="Scenario: Admin go to home page" name="Given admin already on login page" time="0"/>
  <testcase classname="Scenario: Admin go to home page" name="When fill email address field with email &quot;admin2@mail.com&quot;" time="0"/>
  <testcase classname="Scenario: Admin go to home page" name="And fill password field with password &quot;qwerty&quot;" time="0"/>
  <testcase classname="Scenario: Admin go to home page" name="And click login button" time="0.001"/>
  <testcase classname="Scenario: Admin go to home page" name="Then see modal successfully login" time="0"/>
  <testcase classname="Scenario: Admin go to home page" name="But admin click OK button modal success login" time="0"/>
  <testcase classname="Scenario: Admin go to home page" name="Given admin already on profile page" time="0"/>
  <testcase classname="Scenario: Admin go to home page" name="When click home button from profile page" time="0.012">
    <error message="✽.When click home button from profile page(features/Profile.feature:16) matches more than one step definition:
  click home button in HomeStepDef.clickHomeButton()
  click home button from profile page in ProfileStepDef.clickHomeButtonFromProfilePage()
" type="cucumber.runtime.AmbiguousStepDefinitionsException">cucumber.runtime.AmbiguousStepDefinitionsException: ✽.When click home button from profile page(features/Profile.feature:16) matches more than one step definition:
  click home button in HomeStepDef.clickHomeButton()
  click home button from profile page in ProfileStepDef.clickHomeButtonFromProfilePage()

	at cucumber.runtime.RuntimeGlue.stepDefinitionMatch(RuntimeGlue.java:71)
	at cucumber.runtime.Runtime.runStep(Runtime.java:267)
	at cucumber.runtime.model.StepContainer.runStep(StepContainer.java:44)
	at cucumber.runtime.model.StepContainer.runSteps(StepContainer.java:39)
	at cucumber.runtime.model.CucumberScenario.run(CucumberScenario.java:44)
	at cucumber.runtime.junit.ExecutionUnitRunner.run(ExecutionUnitRunner.java:102)
	at cucumber.runtime.junit.FeatureRunner.runChild(FeatureRunner.java:63)
	at cucumber.runtime.junit.FeatureRunner.runChild(FeatureRunner.java:18)
	at org.junit.runners.ParentRunner$3.run(ParentRunner.java:238)
	at org.junit.runners.ParentRunner$1.schedule(ParentRunner.java:63)
	at org.junit.runners.ParentRunner.runChildren(ParentRunner.java:236)
	at org.junit.runners.ParentRunner.access$000(ParentRunner.java:53)
	at org.junit.runners.ParentRunner$2.evaluate(ParentRunner.java:229)
	at org.junit.runners.ParentRunner.run(ParentRunner.java:309)
	at cucumber.runtime.junit.FeatureRunner.run(FeatureRunner.java:70)
	at cucumber.api.junit.Cucumber.runChild(Cucumber.java:95)
	at cucumber.api.junit.Cucumber.runChild(Cucumber.java:38)
	at org.junit.runners.ParentRunner$3.run(ParentRunner.java:238)
	at org.junit.runners.ParentRunner$1.schedule(ParentRunner.java:63)
	at org.junit.runners.ParentRunner.runChildren(ParentRunner.java:236)
	at org.junit.runners.ParentRunner.access$000(ParentRunner.java:53)
	at org.junit.runners.ParentRunner$2.evaluate(ParentRunner.java:229)
	at org.junit.runners.ParentRunner.run(ParentRunner.java:309)
	at cucumber.api.junit.Cucumber.run(Cucumber.java:100)
	at org.apache.maven.surefire.junit4.JUnit4Provider.execute(JUnit4Provider.java:252)
	at org.apache.maven.surefire.junit4.JUnit4Provider.executeTestSet(JUnit4Provider.java:141)
	at org.apache.maven.surefire.junit4.JUnit4Provider.invoke(JUnit4Provider.java:112)
	at sun.reflect.NativeMethodAccessorImpl.invoke0(Native Method)
	at sun.reflect.NativeMethodAccessorImpl.invoke(NativeMethodAccessorImpl.java:62)
	at sun.reflect.DelegatingMethodAccessorImpl.invoke(DelegatingMethodAccessorImpl.java:43)
	at java.lang.reflect.Method.invoke(Method.java:498)
	at org.apache.maven.surefire.util.ReflectionUtils.invokeMethodWithArray(ReflectionUtils.java:189)
	at org.apache.maven.surefire.booter.ProviderFactory$ProviderProxy.invoke(ProviderFactory.java:165)
	at org.apache.maven.surefire.booter.ProviderFactory.invokeProvider(ProviderFactory.java:85)
	at org.apache.maven.surefire.booter.ForkedBooter.runSuitesInProcess(ForkedBooter.java:115)
	at org.apache.maven.surefire.booter.ForkedBooter.main(ForkedBooter.java:75)
</error>
  </testcase>
  <testcase classname="Scenario: Admin go to home page" name="Scenario: Admin go to home page" time="0.013">
    <error message="✽.When click home button from profile page(features/Profile.feature:16) matches more than one step definition:
  click home button in HomeStepDef.clickHomeButton()
  click home button from profile page in ProfileStepDef.clickHomeButtonFromProfilePage()
" type="cucumber.runtime.AmbiguousStepDefinitionsException">cucumber.runtime.AmbiguousStepDefinitionsException: ✽.When click home button from profile page(features/Profile.feature:16) matches more than one step definition:
  click home button in HomeStepDef.clickHomeButton()
  click home button from profile page in ProfileStepDef.clickHomeButtonFromProfilePage()

	at cucumber.runtime.RuntimeGlue.stepDefinitionMatch(RuntimeGlue.java:71)
	at cucumber.runtime.Runtime.runStep(Runtime.java:267)
	at cucumber.runtime.model.StepContainer.runStep(StepContainer.java:44)
	at cucumber.runtime.model.StepContainer.runSteps(StepContainer.java:39)
	at cucumber.runtime.model.CucumberScenario.run(CucumberScenario.java:44)
	at cucumber.runtime.junit.ExecutionUnitRunner.run(ExecutionUnitRunner.java:102)
	at cucumber.runtime.junit.FeatureRunner.runChild(FeatureRunner.java:63)
	at cucumber.runtime.junit.FeatureRunner.runChild(FeatureRunner.java:18)
	at org.junit.runners.ParentRunner$3.run(ParentRunner.java:238)
	at org.junit.runners.ParentRunner$1.schedule(ParentRunner.java:63)
	at org.junit.runners.ParentRunner.runChildren(ParentRunner.java:236)
	at org.junit.runners.ParentRunner.access$000(ParentRunner.java:53)
	at org.junit.runners.ParentRunner$2.evaluate(ParentRunner.java:229)
	at org.junit.runners.ParentRunner.run(ParentRunner.java:309)
	at cucumber.runtime.junit.FeatureRunner.run(FeatureRunner.java:70)
	at cucumber.api.junit.Cucumber.runChild(Cucumber.java:95)
	at cucumber.api.junit.Cucumber.runChild(Cucumber.java:38)
	at org.junit.runners.ParentRunner$3.run(ParentRunner.java:238)
	at org.junit.runners.ParentRunner$1.schedule(ParentRunner.java:63)
	at org.junit.runners.ParentRunner.runChildren(ParentRunner.java:236)
	at org.junit.runners.ParentRunner.access$000(ParentRunner.java:53)
	at org.junit.runners.ParentRunner$2.evaluate(ParentRunner.java:229)
	at org.junit.runners.ParentRunner.run(ParentRunner.java:309)
	at cucumber.api.junit.Cucumber.run(Cucumber.java:100)
	at org.apache.maven.surefire.junit4.JUnit4Provider.execute(JUnit4Provider.java:252)
	at org.apache.maven.surefire.junit4.JUnit4Provider.executeTestSet(JUnit4Provider.java:141)
	at org.apache.maven.surefire.junit4.JUnit4Provider.invoke(JUnit4Provider.java:112)
	at sun.reflect.NativeMethodAccessorImpl.invoke0(Native Method)
	at sun.reflect.NativeMethodAccessorImpl.invoke(NativeMethodAccessorImpl.java:62)
	at sun.reflect.DelegatingMethodAccessorImpl.invoke(DelegatingMethodAccessorImpl.java:43)
	at java.lang.reflect.Method.invoke(Method.java:498)
	at org.apache.maven.surefire.util.ReflectionUtils.invokeMethodWithArray(ReflectionUtils.java:189)
	at org.apache.maven.surefire.booter.ProviderFactory$ProviderProxy.invoke(ProviderFactory.java:165)
	at org.apache.maven.surefire.booter.ProviderFactory.invokeProvider(ProviderFactory.java:85)
	at org.apache.maven.surefire.booter.ForkedBooter.runSuitesInProcess(ForkedBooter.java:115)
	at org.apache.maven.surefire.booter.ForkedBooter.main(ForkedBooter.java:75)
</error>
  </testcase>
</testsuite>