<?xml version="1.0" encoding="UTF-8" ?>
<testsuite tests="61" failures="0" name="StepDefinition.RunTest" time="40.696" errors="0" skipped="0">
  <properties>
[...]
</properties>
  <testcase classname="Scenario: Admin goto venue page" name="Given admin is already on login page" time="0.003"/>
  <testcase classname="Scenario: Admin goto venue page" name="When admin fill email address field with data &quot;admin2@mail.com&quot;" time="0.002"/>
  <testcase classname="Scenario: Admin goto venue page" name="And fill password field with data &quot;qwerty&quot;" time="0"/>
  <testcase classname="Scenario: Admin goto venue page" name="And click login button" time="0.001"/>
  <testcase classname="Scenario: Admin goto venue page" name="Then see modal successfully login" time="0"/>
  <testcase classname="Scenario: Admin goto venue page" name="When click OK button modal" time="0"/>
  <testcase classname="Scenario: Admin goto venue page" name="Given admin is already on home page" time="0"/>
  <testcase classname="Scenario: Admin goto venue page" name="When click venue button" time="0"/>
  <testcase classname="Scenario: Admin goto venue page" name="Scenario: Admin goto venue page" time="5.871"/>
  <testcase classname="Scenario: Admin goto admin page" name="Given admin is already on login page" time="0"/>
  <testcase classname="Scenario: Admin goto admin page" name="When admin fill email address field with data &quot;admin2@mail.com&quot;" time="0"/>
  <testcase classname="Scenario: Admin goto admin page" name="And fill password field with data &quot;qwerty&quot;" time="0"/>
  <testcase classname="Scenario: Admin goto admin page" name="And click login button" time="0"/>
  <testcase classname="Scenario: Admin goto admin page" name="Then see modal successfully login" time="0"/>
  <testcase classname="Scenario: Admin goto admin page" name="When click OK button modal" time="0"/>
  <testcase classname="Scenario: Admin goto admin page" name="Given admin is already on home page" time="0"/>
  <testcase classname="Scenario: Admin goto admin page" name="When click admin button" time="0"/>
  <testcase classname="Scenario: Admin goto admin page" name="Scenario: Admin goto admin page" time="5.867"/>
  <testcase classname="Scenario: Admin goto order history page" name="Given admin is already on login page" time="0"/>
  <testcase classname="Scenario: Admin goto order history page" name="When admin fill email address field with data &quot;admin2@mail.com&quot;" time="0"/>
  <testcase classname="Scenario: Admin goto order history page" name="And fill password field with data &quot;qwerty&quot;" time="0"/>
  <testcase classname="Scenario: Admin goto order history page" name="And click login button" time="0"/>
  <testcase classname="Scenario: Admin goto order history page" name="Then see modal successfully login" time="0"/>
  <testcase classname="Scenario: Admin goto order history page" name="When click OK button modal" time="0"/>
  <testcase classname="Scenario: Admin goto order history page" name="Given admin is already on home page" time="0"/>
  <testcase classname="Scenario: Admin goto order history page" name="When click booking history button" time="0"/>
  <testcase classname="Scenario: Admin goto order history page" name="Scenario: Admin goto order history page" time="5.772"/>
  <testcase classname="Scenario: Admin goto pay venue page" name="Given admin is already on login page" time="0"/>
  <testcase classname="Scenario: Admin goto pay venue page" name="When admin fill email address field with data &quot;admin2@mail.com&quot;" time="0"/>
  <testcase classname="Scenario: Admin goto pay venue page" name="And fill password field with data &quot;qwerty&quot;" time="0"/>
  <testcase classname="Scenario: Admin goto pay venue page" name="And click login button" time="0"/>
  <testcase classname="Scenario: Admin goto pay venue page" name="Then see modal successfully login" time="0"/>
  <testcase classname="Scenario: Admin goto pay venue page" name="When click OK button modal" time="0"/>
  <testcase classname="Scenario: Admin goto pay venue page" name="Given admin is already on home page" time="0"/>
  <testcase classname="Scenario: Admin goto pay venue page" name="When click pay venue button" time="0"/>
  <testcase classname="Scenario: Admin goto pay venue page" name="Scenario: Admin goto pay venue page" time="5.818"/>
  <testcase classname="Scenario: Admin goto schedule page" name="Given admin is already on login page" time="0"/>
  <testcase classname="Scenario: Admin goto schedule page" name="When admin fill email address field with data &quot;admin2@mail.com&quot;" time="0"/>
  <testcase classname="Scenario: Admin goto schedule page" name="And fill password field with data &quot;qwerty&quot;" time="0"/>
  <testcase classname="Scenario: Admin goto schedule page" name="And click login button" time="0"/>
  <testcase classname="Scenario: Admin goto schedule page" name="Then see modal successfully login" time="0"/>
  <testcase classname="Scenario: Admin goto schedule page" name="When click OK button modal" time="0"/>
  <testcase classname="Scenario: Admin goto schedule page" name="Given admin is already on home page" time="0"/>
  <testcase classname="Scenario: Admin goto schedule page" name="When click my schedule button" time="0"/>
  <testcase classname="Scenario: Admin goto schedule page" name="Scenario: Admin goto schedule page" time="5.774"/>
  <testcase classname="Scenario: Admin logout form segoroapp" name="Given admin is already on login page" time="0"/>
  <testcase classname="Scenario: Admin logout form segoroapp" name="When admin fill email address field with data &quot;admin2@mail.com&quot;" time="0"/>
  <testcase classname="Scenario: Admin logout form segoroapp" name="And fill password field with data &quot;qwerty&quot;" time="0"/>
  <testcase classname="Scenario: Admin logout form segoroapp" name="And click login button" time="0"/>
  <testcase classname="Scenario: Admin logout form segoroapp" name="Then see modal successfully login" time="0"/>
  <testcase classname="Scenario: Admin logout form segoroapp" name="When click OK button modal" time="0"/>
  <testcase classname="Scenario: Admin logout form segoroapp" name="Given admin is already on home page" time="0"/>
  <testcase classname="Scenario: Admin logout form segoroapp" name="When click logout button" time="0"/>
  <testcase classname="Scenario: Admin logout form segoroapp" name="Scenario: Admin logout form segoroapp" time="5.849"/>
  <testcase classname="Scenario: Admin success login with valid username and password" name="Given admin is already on login page" time="0"/>
  <testcase classname="Scenario: Admin success login with valid username and password" name="When admin fill email address field with data &quot;admin2@mail.com&quot;" time="0"/>
  <testcase classname="Scenario: Admin success login with valid username and password" name="And fill password field with data &quot;qwerty&quot;" time="0"/>
  <testcase classname="Scenario: Admin success login with valid username and password" name="And click login button" time="0"/>
  <testcase classname="Scenario: Admin success login with valid username and password" name="Then see modal successfully login" time="0"/>
  <testcase classname="Scenario: Admin success login with valid username and password" name="When click OK button modal" time="0"/>
  <testcase classname="Scenario: Admin success login with valid username and password" name="Scenario: Admin success login with valid username and password" time="5.739"/>
</testsuite>